2026-05-30 23:43:40,974 - INFO - Strain_microstrain: KS=1.0000, p=0.000000, drift=True
2026-05-30 23:43:40,984 - INFO - Deflection_mm: KS=1.0000, p=0.000000, drift=True
2026-05-30 23:43:40,996 - INFO - Vibration_ms2: KS=0.7262, p=0.000000, drift=True
2026-05-30 23:43:41,009 - INFO - Tilt_deg: KS=0.7419, p=0.000000, drift=True
2026-05-30 23:43:41,019 - INFO - Displacement_mm: KS=1.0000, p=0.000000, drift=True
2026-05-30 23:43:41,028 - INFO - Crack_Propagation_mm: KS=0.4999, p=0.000000, drift=True
2026-05-30 23:43:41,039 - INFO - Corrosion_Level_percent: KS=0.4974, p=0.000000, drift=True
2026-05-30 23:43:41,048 - INFO - Cable_Member_Tension_kN: KS=1.0000, p=0.000000, drift=True
2026-05-30 23:43:41,056 - INFO - Bearing_Joint_Forces_kN: KS=1.0000, p=0.000000, drift=True
2026-05-30 23:43:41,066 - INFO - Fatigue_Accumulation_au: KS=0.4964, p=0.000000, drift=True
2026-05-30 23:43:41,076 - INFO - Modal_Frequency_Hz: KS=0.9504, p=0.000000, drift=True
2026-05-30 23:43:41,086 - INFO - Temperature_C: KS=0.9538, p=0.000000, drift=True
2026-05-30 23:43:41,094 - INFO - Humidity_percent: KS=1.0000, p=0.000000, drift=True
2026-05-30 23:43:41,104 - INFO - Wind_Speed_ms: KS=1.0000, p=0.000000, drift=True
2026-05-30 23:43:41,111 - INFO - Wind_Direction_deg: KS=1.0000, p=0.000000, drift=True
2026-05-30 23:43:41,122 - INFO - Precipitation_mmh: KS=0.4891, p=0.000000, drift=True
2026-05-30 23:43:41,132 - INFO - Water_Level_m: KS=0.9914, p=0.000000, drift=True
2026-05-30 23:43:41,143 - INFO - Seismic_Activity_ms2: KS=0.9984, p=0.000000, drift=True
2026-05-30 23:43:41,153 - INFO - Solar_Radiation_Wm2: KS=0.7483, p=0.000000, drift=True
2026-05-30 23:43:41,162 - INFO - Soil_Settlement_mm: KS=0.4967, p=0.000000, drift=True
2026-05-30 23:43:41,172 - INFO - Vehicle_Load_tons: KS=1.0000, p=0.000000, drift=True
2026-05-30 23:43:41,182 - INFO - Traffic_Volume_vph: KS=1.0000, p=0.000000, drift=True
2026-05-30 23:43:41,192 - INFO - Pedestrian_Load_pph: KS=1.0000, p=0.000000, drift=True
2026-05-30 23:43:41,200 - INFO - Impact_Events_g: KS=1.0000, p=0.000000, drift=True
2026-05-30 23:43:41,209 - INFO - Dynamic_Load_Distribution_percent: KS=1.0000, p=0.000000, drift=True
2026-05-30 23:43:41,218 - INFO - Anomaly_Detection_Score: KS=0.9698, p=0.000000, drift=True
2026-05-30 23:43:41,227 - INFO - Energy_Dissipation_au: KS=0.7406, p=0.000000, drift=True
2026-05-30 23:43:41,237 - INFO - Acoustic_Emissions_levels: KS=0.9221, p=0.000000, drift=True
2026-05-30 23:43:41,248 - INFO - Visual_Analysis_Defect_Score: KS=0.5005, p=0.000000, drift=True
2026-05-30 23:43:41,260 - INFO - Electrical_Resistance_ohms: KS=0.5686, p=0.000000, drift=True
2026-05-30 23:43:41,267 - INFO - Localized_Strain_Hotspot: KS=0.9956, p=0.000000, drift=True
2026-05-30 23:43:41,359 - INFO - Flood_Event_Flag: KS=0.0001, p=1.000000, drift=False
2026-05-30 23:43:41,367 - INFO - Soil_Saturation_percent: KS=1.0000, p=0.000000, drift=True
2026-05-30 23:43:41,372 - INFO - Landslide_Ground_Movement: KS=0.0000, p=1.000000, drift=False
2026-05-30 23:43:41,384 - INFO - Simulated_Slope_Displacement_mm: KS=0.5016, p=0.000000, drift=True
2026-05-30 23:43:41,389 - INFO - High_Winds_Storms: KS=0.0000, p=1.000000, drift=False
2026-05-30 23:43:41,398 - INFO - Simulated_Wind_Load_Pressure_kPa: KS=0.5698, p=0.000000, drift=True
2026-05-30 23:43:41,404 - INFO - Abnormal_Traffic_Load_Surges: KS=0.0000, p=1.000000, drift=False
2026-05-30 23:43:41,409 - INFO - Simulated_Localized_Stress_Index: KS=0.5952, p=0.000000, drift=True
